<?xml version="1.0" encoding="UTF-8"?>
<!-- Generated by org.testng.reporters.JUnitXMLReporter -->
<testsuite hostname="IONDELWS770" name="Default test" tests="3" failures="0" timestamp="11 Feb 2021 11:50:44 GMT" time="5.799" errors="0">
  <testcase name="testDelete" time="3.144" classname="tests.PutPatchDeleteExamples"/>
  <testcase name="testPatch" time="0.859" classname="tests.PutPatchDeleteExamples"/>
  <testcase name="testPut" time="1.785" classname="tests.PutPatchDeleteExamples"/>
</testsuite> <!-- Default test -->
