<?xml version="1.0" encoding="UTF-8"?>
<testng-results skipped="0" failed="0" total="2" passed="2">
  <reporter-output>
  </reporter-output>
  <suite name="Default suite" duration-ms="3399" started-at="2021-03-04T19:35:16Z" finished-at="2021-03-04T19:35:20Z">
    <groups>
    </groups>
    <test name="Default test" duration-ms="3399" started-at="2021-03-04T19:35:16Z" finished-at="2021-03-04T19:35:20Z">
      <class name="tests.GetAndPostExamples">
        <test-method status="PASS" signature="testGet()[pri:0, instance:tests.GetAndPostExamples@6adca536]" name="testGet" duration-ms="2514" started-at="2021-03-05T01:05:16Z" finished-at="2021-03-05T01:05:19Z">
          <reporter-output>
          </reporter-output>
        </test-method> <!-- testGet -->
        <test-method status="PASS" signature="testPost()[pri:0, instance:tests.GetAndPostExamples@6adca536]" name="testPost" duration-ms="876" started-at="2021-03-05T01:05:19Z" finished-at="2021-03-05T01:05:20Z">
          <reporter-output>
          </reporter-output>
        </test-method> <!-- testPost -->
      </class> <!-- tests.GetAndPostExamples -->
    </test> <!-- Default test -->
  </suite> <!-- Default suite -->
</testng-results>
